<?xml version="1.0" encoding="UTF-8"?>
<coverage generated="1714033678">
  <project timestamp="1714033678">
    <file name="/app/src/Controller/CalculateTravelController.php">
      <class name="App\Controller\CalculateTravelController" namespace="global">
        <metrics complexity="2" methods="2" coveredmethods="2" conditionals="0" coveredconditionals="0" statements="7" coveredstatements="7" elements="9" coveredelements="9"/>
      </class>
      <line num="19" type="method" name="__construct" visibility="public" complexity="1" crap="1" count="3"/>
      <line num="24" type="stmt" count="3"/>
      <line num="27" type="method" name="calculatePrice" visibility="public" complexity="1" crap="1" count="3"/>
      <line num="30" type="stmt" count="3"/>
      <line num="32" type="stmt" count="1"/>
      <line num="33" type="stmt" count="1"/>
      <line num="34" type="stmt" count="1"/>
      <line num="35" type="stmt" count="1"/>
      <line num="37" type="stmt" count="1"/>
      <metrics loc="40" ncloc="39" classes="1" methods="2" coveredmethods="2" conditionals="0" coveredconditionals="0" statements="7" coveredstatements="7" elements="9" coveredelements="9"/>
    </file>
    <file name="/app/src/Discount/AbstractDiscount.php">
      <class name="App\Discount\AbstractDiscount" namespace="global">
        <metrics complexity="3" methods="2" coveredmethods="1" conditionals="0" coveredconditionals="0" statements="5" coveredstatements="4" elements="7" coveredelements="5"/>
      </class>
      <line num="14" type="method" name="setNext" visibility="public" complexity="1" crap="1" count="8"/>
      <line num="16" type="stmt" count="8"/>
      <line num="17" type="stmt" count="8"/>
      <line num="20" type="method" name="apply" visibility="public" complexity="2" crap="2.15" count="8"/>
      <line num="22" type="stmt" count="8"/>
      <line num="23" type="stmt" count="8"/>
      <line num="26" type="stmt" count="0"/>
      <metrics loc="29" ncloc="29" classes="1" methods="2" coveredmethods="1" conditionals="0" coveredconditionals="0" statements="5" coveredstatements="4" elements="7" coveredelements="5"/>
    </file>
    <file name="/app/src/Discount/AgeDiscount.php">
      <class name="App\Discount\AgeDiscount" namespace="global">
        <metrics complexity="10" methods="2" coveredmethods="2" conditionals="0" coveredconditionals="0" statements="21" coveredstatements="21" elements="23" coveredelements="23"/>
      </class>
      <line num="13" type="method" name="__construct" visibility="public" complexity="1" crap="1" count="10"/>
      <line num="16" type="stmt" count="10"/>
      <line num="18" type="method" name="apply" visibility="public" complexity="9" crap="9" count="8"/>
      <line num="20" type="stmt" count="8"/>
      <line num="22" type="stmt" count="8"/>
      <line num="24" type="stmt" count="8"/>
      <line num="26" type="stmt" count="8"/>
      <line num="28" type="stmt" count="8"/>
      <line num="30" type="stmt" count="8"/>
      <line num="31" type="stmt" count="8"/>
      <line num="32" type="stmt" count="8"/>
      <line num="33" type="stmt" count="8"/>
      <line num="34" type="stmt" count="8"/>
      <line num="35" type="stmt" count="8"/>
      <line num="37" type="stmt" count="7"/>
      <line num="40" type="stmt" count="3"/>
      <line num="42" type="stmt" count="3"/>
      <line num="43" type="stmt" count="1"/>
      <line num="44" type="stmt" count="2"/>
      <line num="46" type="stmt" count="3"/>
      <line num="48" type="stmt" count="3"/>
      <line num="50" type="stmt" count="3"/>
      <line num="53" type="stmt" count="5"/>
      <metrics loc="56" ncloc="56" classes="1" methods="2" coveredmethods="2" conditionals="0" coveredconditionals="0" statements="21" coveredstatements="21" elements="23" coveredelements="23"/>
    </file>
    <file name="/app/src/Discount/DiscountInterface.php">
      <metrics loc="15" ncloc="15" classes="0" methods="0" coveredmethods="0" conditionals="0" coveredconditionals="0" statements="0" coveredstatements="0" elements="0" coveredelements="0"/>
    </file>
    <file name="/app/src/Discount/EarlyBookingDiscount.php">
      <class name="App\Discount\EarlyBookingDiscount" namespace="global">
        <metrics complexity="23" methods="2" coveredmethods="1" conditionals="0" coveredconditionals="0" statements="42" coveredstatements="38" elements="44" coveredelements="39"/>
      </class>
      <line num="13" type="method" name="__construct" visibility="public" complexity="1" crap="1" count="10"/>
      <line num="16" type="stmt" count="10"/>
      <line num="18" type="method" name="apply" visibility="public" complexity="22" crap="22.45" count="8"/>
      <line num="21" type="stmt" count="8"/>
      <line num="22" type="stmt" count="8"/>
      <line num="23" type="stmt" count="8"/>
      <line num="25" type="stmt" count="8"/>
      <line num="26" type="stmt" count="8"/>
      <line num="27" type="stmt" count="8"/>
      <line num="29" type="stmt" count="8"/>
      <line num="30" type="stmt" count="1"/>
      <line num="33" type="stmt" count="7"/>
      <line num="35" type="stmt" count="7"/>
      <line num="37" type="stmt" count="7"/>
      <line num="39" type="stmt" count="7"/>
      <line num="41" type="stmt" count="7"/>
      <line num="42" type="stmt" count="7"/>
      <line num="43" type="stmt" count="3"/>
      <line num="44" type="stmt" count="1"/>
      <line num="47" type="stmt" count="7"/>
      <line num="48" type="stmt" count="4"/>
      <line num="52" type="stmt" count="4"/>
      <line num="53" type="stmt" count="2"/>
      <line num="57" type="stmt" count="7"/>
      <line num="59" type="stmt" count="7"/>
      <line num="61" type="stmt" count="7"/>
      <line num="62" type="stmt" count="0"/>
      <line num="65" type="stmt" count="7"/>
      <line num="67" type="stmt" count="7"/>
      <line num="69" type="stmt" count="7"/>
      <line num="70" type="stmt" count="4"/>
      <line num="71" type="stmt" count="0"/>
      <line num="72" type="stmt" count="0"/>
      <line num="75" type="stmt" count="4"/>
      <line num="76" type="stmt" count="4"/>
      <line num="80" type="stmt" count="7"/>
      <line num="81" type="stmt" count="4"/>
      <line num="85" type="stmt" count="5"/>
      <line num="87" type="stmt" count="5"/>
      <line num="88" type="stmt" count="5"/>
      <line num="89" type="stmt" count="0"/>
      <line num="91" type="stmt" count="5"/>
      <line num="93" type="stmt" count="5"/>
      <line num="96" type="stmt" count="2"/>
      <metrics loc="99" ncloc="99" classes="1" methods="2" coveredmethods="1" conditionals="0" coveredconditionals="0" statements="42" coveredstatements="38" elements="44" coveredelements="39"/>
    </file>
    <file name="/app/src/EventListener/ExceptionListener.php">
      <class name="App\EventListener\ExceptionListener" namespace="global">
        <metrics complexity="2" methods="1" coveredmethods="1" conditionals="0" coveredconditionals="0" statements="9" coveredstatements="9" elements="10" coveredelements="10"/>
      </class>
      <line num="14" type="method" name="__invoke" visibility="public" complexity="2" crap="2" count="2"/>
      <line num="16" type="stmt" count="2"/>
      <line num="18" type="stmt" count="2"/>
      <line num="20" type="stmt" count="2"/>
      <line num="22" type="stmt" count="2"/>
      <line num="23" type="stmt" count="2"/>
      <line num="24" type="stmt" count="2"/>
      <line num="26" type="stmt" count="2"/>
      <line num="27" type="stmt" count="2"/>
      <line num="30" type="stmt" count="2"/>
      <metrics loc="33" ncloc="33" classes="1" methods="1" coveredmethods="1" conditionals="0" coveredconditionals="0" statements="9" coveredstatements="9" elements="10" coveredelements="10"/>
    </file>
    <file name="/app/src/Exception/InvalidEnquiryParametersException.php">
      <class name="App\Exception\InvalidEnquiryParametersException" namespace="global">
        <metrics complexity="0" methods="0" coveredmethods="0" conditionals="0" coveredconditionals="0" statements="0" coveredstatements="0" elements="0" coveredelements="0"/>
      </class>
      <metrics loc="12" ncloc="12" classes="0" methods="0" coveredmethods="0" conditionals="0" coveredconditionals="0" statements="0" coveredstatements="0" elements="0" coveredelements="0"/>
    </file>
    <file name="/app/src/Kernel.php">
      <class name="App\Kernel" namespace="global">
        <metrics complexity="0" methods="0" coveredmethods="0" conditionals="0" coveredconditionals="0" statements="0" coveredstatements="0" elements="0" coveredelements="0"/>
      </class>
      <metrics loc="12" ncloc="12" classes="0" methods="0" coveredmethods="0" conditionals="0" coveredconditionals="0" statements="0" coveredstatements="0" elements="0" coveredelements="0"/>
    </file>
    <file name="/app/src/Service/DTO/PriceEnquiryInterface.php">
      <metrics loc="10" ncloc="10" classes="0" methods="0" coveredmethods="0" conditionals="0" coveredconditionals="0" statements="0" coveredstatements="0" elements="0" coveredelements="0"/>
    </file>
    <file name="/app/src/Service/DTO/TravelPriceEnquiry.php">
      <class name="App\Service\DTO\TravelPriceEnquiry" namespace="global">
        <metrics complexity="11" methods="11" coveredmethods="7" conditionals="0" coveredconditionals="0" statements="15" coveredstatements="11" elements="26" coveredelements="18"/>
      </class>
      <line num="21" type="method" name="__construct" visibility="public" complexity="1" crap="1" count="10"/>
      <line num="30" type="stmt" count="10"/>
      <line num="31" type="stmt" count="10"/>
      <line num="32" type="stmt" count="10"/>
      <line num="33" type="stmt" count="10"/>
      <line num="34" type="stmt" count="10"/>
      <line num="37" type="method" name="getBasePrice" visibility="public" complexity="1" crap="1" count="10"/>
      <line num="39" type="stmt" count="10"/>
      <line num="42" type="method" name="setBasePrice" visibility="public" complexity="1" crap="2" count="0"/>
      <line num="44" type="stmt" count="0"/>
      <line num="47" type="method" name="getFinalPrice" visibility="public" complexity="1" crap="1" count="8"/>
      <line num="49" type="stmt" count="8"/>
      <line num="52" type="method" name="setFinalPrice" visibility="public" complexity="1" crap="1" count="5"/>
      <line num="54" type="stmt" count="5"/>
      <line num="57" type="method" name="getParticipantBirthday" visibility="public" complexity="1" crap="1" count="10"/>
      <line num="59" type="stmt" count="10"/>
      <line num="62" type="method" name="setParticipantBirthday" visibility="public" complexity="1" crap="2" count="0"/>
      <line num="64" type="stmt" count="0"/>
      <line num="67" type="method" name="getTravelStart" visibility="public" complexity="1" crap="1" count="10"/>
      <line num="69" type="stmt" count="10"/>
      <line num="72" type="method" name="setTravelStart" visibility="public" complexity="1" crap="2" count="0"/>
      <line num="74" type="stmt" count="0"/>
      <line num="77" type="method" name="getPaymentDate" visibility="public" complexity="1" crap="1" count="10"/>
      <line num="79" type="stmt" count="10"/>
      <line num="82" type="method" name="setPaymentDate" visibility="public" complexity="1" crap="2" count="0"/>
      <line num="84" type="stmt" count="0"/>
      <metrics loc="87" ncloc="87" classes="1" methods="11" coveredmethods="7" conditionals="0" coveredconditionals="0" statements="15" coveredstatements="11" elements="26" coveredelements="18"/>
    </file>
    <file name="/app/src/Service/TravelPriceCalculator.php">
      <class name="App\Service\TravelPriceCalculator" namespace="global">
        <metrics complexity="2" methods="2" coveredmethods="2" conditionals="0" coveredconditionals="0" statements="3" coveredstatements="3" elements="5" coveredelements="5"/>
      </class>
      <line num="13" type="method" name="__construct" visibility="public" complexity="1" crap="1" count="10"/>
      <line num="17" type="stmt" count="10"/>
      <line num="19" type="method" name="calculate" visibility="public" complexity="1" crap="1" count="8"/>
      <line num="21" type="stmt" count="8"/>
      <line num="23" type="stmt" count="8"/>
      <metrics loc="26" ncloc="26" classes="1" methods="2" coveredmethods="2" conditionals="0" coveredconditionals="0" statements="3" coveredstatements="3" elements="5" coveredelements="5"/>
    </file>
    <file name="/app/src/Service/Validator/TravelPriceEnquiryValidator.php">
      <class name="App\Service\Validator\TravelPriceEnquiryValidator" namespace="global">
        <metrics complexity="6" methods="1" coveredmethods="0" conditionals="0" coveredconditionals="0" statements="11" coveredstatements="9" elements="12" coveredelements="9"/>
      </class>
      <line num="13" type="method" name="validate" visibility="public" complexity="6" crap="6.22" count="3"/>
      <line num="15" type="stmt" count="3"/>
      <line num="17" type="stmt" count="3"/>
      <line num="18" type="stmt" count="1"/>
      <line num="21" type="stmt" count="3"/>
      <line num="22" type="stmt" count="1"/>
      <line num="25" type="stmt" count="3"/>
      <line num="26" type="stmt" count="0"/>
      <line num="29" type="stmt" count="3"/>
      <line num="30" type="stmt" count="0"/>
      <line num="33" type="stmt" count="3"/>
      <line num="34" type="stmt" count="2"/>
      <metrics loc="38" ncloc="38" classes="1" methods="1" coveredmethods="0" conditionals="0" coveredconditionals="0" statements="11" coveredstatements="9" elements="12" coveredelements="9"/>
    </file>
    <metrics files="12" loc="457" ncloc="456" classes="8" methods="23" coveredmethods="16" conditionals="0" coveredconditionals="0" statements="113" coveredstatements="102" elements="136" coveredelements="118"/>
  </project>
</coverage>
